<?xml version="1.0" encoding="UTF-8"?>
<!-- Generated by org.testng.reporters.JUnitReportReporter -->
<testsuite hostname="Arpit" failures="0" tests="1" name="ExtentReport.DemoExtentReport" time="5.317" errors="0" timestamp="2024-01-08T21:32:14 IST" skipped="0">
  <testcase classname="ExtentReport.DemoExtentReport" name="showExtentReport" time="5.317"/>
  <system-out/>
</testsuite> <!-- ExtentReport.DemoExtentReport -->
