<?xml version="1.0" encoding="UTF-8"?>
<!-- Generated by org.testng.reporters.JUnitReportReporter -->
<testsuite hostname="Arpit" failures="0" tests="3" name="pTestCases.LoginTest" time="12.439" errors="0" timestamp="2024-01-08T21:10:22 IST" skipped="0">
  <testcase classname="pTestCases.LoginTest" name="login" time="6.249"/>
  <system-out/>
  <testcase classname="pTestCases.LoginTest" name="loginwithInvalidCredentials" time="3.055"/>
  <system-out/>
  <testcase classname="pTestCases.LoginTest" name="loginwithoutCredentials" time="3.135"/>
  <system-out/>
</testsuite> <!-- pTestCases.LoginTest -->
