<?xml version="1.0" encoding="UTF-8"?>
<!-- Generated by org.testng.reporters.JUnitReportReporter -->
<testsuite hostname="Arpit" failures="0" tests="1" name="ExtentReport.ExtentReportDemo" time="3.991" errors="0" timestamp="2024-01-03T20:59:35 IST" skipped="0">
  <testcase classname="ExtentReport.ExtentReportDemo" name="intialDemo" time="3.991"/>
  <system-out/>
</testsuite> <!-- ExtentReport.ExtentReportDemo -->
